INFO:root:Starting initiation
INFO:root:Starting initiation at 17:36:25
INFO:root:Done with initiation
INFO:root:Start Inital Solution Plot
INFO:root:Done with  Inital Solution Plot
INFO:root:Start with Stage 1a
INFO:root:Start Moves
INFO:root:Final: Loop: 1357 - Moves: 1357
INFO:root:Done with Moves
INFO:root:Done with Stage 1a
INFO:root:Start with Stage 1b
INFO:root:Start Moves
INFO:root:Final: Loop: 1569 - Moves: 1569
INFO:root:Done with Moves
INFO:root:Done with Stage 1b
INFO:root:Starting initiation
INFO:root:Starting initiation at 21:39:18
INFO:root:Done with initiation
INFO:root:Start Inital Solution Plot
INFO:root:Done with  Inital Solution Plot
INFO:root:Start with Stage 1a
INFO:root:Start Moves
INFO:root:Final: Loop: 1355 - Moves: 1355
INFO:root:Done with Moves
INFO:root:Done with Stage 1a
INFO:root:Start with Stage 1b
INFO:root:Start Moves
INFO:root:Final: Loop: 1568 - Moves: 1568
INFO:root:Done with Moves
INFO:root:Done with Stage 1b
