INFO:root:Starting initiation
INFO:root:Starting initiation at 00:35:52
INFO:root:Done with initiation
INFO:root:Start Inital Solution Plot
INFO:root:Done with  Inital Solution Plot
INFO:root:Start with Stage 1a
INFO:root:Start Moves
INFO:root:Final: Loop: 1355 - Moves: 1355
INFO:root:Done with Moves
INFO:root:Done with Stage 1a
INFO:root:Start with Stage 1b
INFO:root:Start Moves
INFO:root:Final: Loop: 1569 - Moves: 1569
INFO:root:Done with Moves
INFO:root:Done with Stage 1b
INFO:root:Start with Stage 2
INFO:root:Start Random Moves with heuristics
INFO:root:logging at 1
INFO:root:Starting initiation
INFO:root:Starting initiation at 02:07:31
INFO:root:Done with initiation
INFO:root:Start Inital Solution Plot
INFO:root:Done with  Inital Solution Plot
INFO:root:Start with Stage 1a
INFO:root:Start Moves
INFO:root:Final: Loop: 1363 - Moves: 1363
INFO:root:Done with Moves
INFO:root:Done with Stage 1a
INFO:root:Start with Stage 1b
INFO:root:Start Moves
INFO:root:Final: Loop: 1566 - Moves: 1566
INFO:root:Done with Moves
INFO:root:Done with Stage 1b
INFO:root:Start with Stage 2
INFO:root:Start Random Moves with heuristics
INFO:root:logging at 1
INFO:root:logging at 501
INFO:root:logging at 1001
INFO:root:logging at 1501
INFO:root:logging at 2001
INFO:root:logging at 2501
INFO:root:trycount exit
INFO:root:Trycount Exit for dropoff
INFO:root:logging at 3001
INFO:root:logging at 3501
INFO:root:logging at 4001
INFO:root:logging at 4501
INFO:root:logging at 5001
INFO:root:logging at 5501
INFO:root:logging at 6001
INFO:root:logging at 6501
INFO:root:logging at 7001
INFO:root:logging at 7501
INFO:root:logging at 8001
INFO:root:logging at 8501
INFO:root:logging at 9001
INFO:root:logging at 9501
INFO:root:Loopcount exit
INFO:root:Final: Loop: 10000 - Moves: 1963
INFO:root:Done with Moves
INFO:root:Done with Stage 1a
