INFO:root:Starting initiation
INFO:root:Starting initiation at 13:02:59
INFO:root:Done with initiation
INFO:root:Start Inital Solution Plot
INFO:root:Done with  Inital Solution Plot
INFO:root:Start with Stage 1a
INFO:root:Start Random Moves with heuristics
INFO:root:logging at 1
INFO:root:Starting initiation
INFO:root:Starting initiation at 13:03:50
INFO:root:Done with initiation
INFO:root:Start Inital Solution Plot
INFO:root:Done with  Inital Solution Plot
INFO:root:Start with Stage 1a
INFO:root:Start Random Moves with heuristics
INFO:root:logging at 1
INFO:root:logging at 501
INFO:root:logging at 1001
INFO:root:logging at 1501
INFO:root:logging at 2001
INFO:root:trycount exit for pickup
INFO:root:Trycount Exit for pickup
INFO:root:trycount exit for dropoff
INFO:root:Trycount Exit for dropoff
INFO:root:logging at 2501
INFO:root:trycount exit
INFO:root:Trycount Exit for pair
INFO:root:No more movetypes
INFO:root:Final: Loop: 2508 - Moves: 1861
INFO:root:Done with Moves
INFO:root:Done with Stage 1a
INFO:root:Starting initiation
INFO:root:Starting initiation at 13:18:27
INFO:root:Done with initiation
INFO:root:Start Inital Solution Plot
INFO:root:Done with  Inital Solution Plot
INFO:root:Start with Stage 1a
INFO:root:Start Random Moves with heuristics
INFO:root:logging at 1
INFO:root:logging at 501
INFO:root:logging at 1001
INFO:root:logging at 1501
INFO:root:logging at 2001
INFO:root:trycount exit for pickup
INFO:root:Trycount Exit for pickup
INFO:root:trycount exit for dropoff
INFO:root:Trycount Exit for dropoff
INFO:root:logging at 2501
INFO:root:trycount exit
INFO:root:Trycount Exit for pair
INFO:root:No more movetypes
INFO:root:Final: Loop: 2515 - Moves: 1875
INFO:root:Done with Moves
INFO:root:Starting initiation
INFO:root:Starting initiation at 00:32:45
INFO:root:Done with initiation
INFO:root:Start Inital Solution Plot
INFO:root:Done with  Inital Solution Plot
INFO:root:Start with Stage 1a
INFO:root:Start Random Moves with heuristics
INFO:root:logging at 1
INFO:root:logging at 501
INFO:root:logging at 1001
INFO:root:logging at 1501
INFO:root:logging at 2001
INFO:root:trycount exit for pickup
INFO:root:Trycount Exit for pickup - it: 2378
INFO:root:trycount exit for dropoff
INFO:root:Trycount Exit for dropoff - it: 2398
INFO:root:logging at 2501
INFO:root:Starting initiation
INFO:root:Starting initiation at 01:15:23
INFO:root:Done with initiation
INFO:root:Start Inital Solution Plot
INFO:root:Done with  Inital Solution Plot
INFO:root:Start with Stage 1a
INFO:root:Start Random Moves with heuristics
INFO:root:logging at 1
INFO:root:logging at 501
