INFO:root:Starting initiation at 22:45:15
INFO:root:Starting initiation
INFO:root:Starting initiation at 22:55:16
INFO:root:Done with initiation
INFO:root:Start Inital Solution Plot
INFO:root:Starting initiation
INFO:root:Starting initiation at 22:56:28
INFO:root:Done with initiation
INFO:root:Start Inital Solution Plot
INFO:root:Starting initiation
INFO:root:Starting initiation at 22:58:05
INFO:root:Done with initiation
INFO:root:Start Inital Solution Plot
INFO:root:Starting initiation
INFO:root:Starting initiation at 22:58:29
INFO:root:Done with initiation
INFO:root:Start Inital Solution Plot
INFO:root:Starting initiation
INFO:root:Starting initiation at 22:58:39
INFO:root:Done with initiation
INFO:root:Start Inital Solution Plot
INFO:root:Starting initiation
INFO:root:Starting initiation at 23:00:21
INFO:root:Done with initiation
INFO:root:Start Inital Solution Plot
INFO:root:Starting initiation
INFO:root:Starting initiation at 23:00:37
INFO:root:Done with initiation
INFO:root:Start Inital Solution Plot
INFO:root:Done with  Inital Solution Plot
INFO:root:Start with Stage 1
INFO:root:Start deep copy
INFO:root:Starting initiation
INFO:root:Starting initiation at 23:01:26
INFO:root:Done with initiation
INFO:root:Start Inital Solution Plot
INFO:root:Done with  Inital Solution Plot
INFO:root:Start with Stage 1
INFO:root:Start deep copy
INFO:root:Done with deep copy
INFO:root:Start Moves
INFO:root:Starting initiation
INFO:root:Starting initiation at 23:01:40
INFO:root:Done with initiation
INFO:root:Start Inital Solution Plot
INFO:root:Done with  Inital Solution Plot
INFO:root:Start with Stage 1
INFO:root:Start deep copy
INFO:root:Done with deep copy
INFO:root:Start Moves
INFO:root:Starting initiation
INFO:root:Starting initiation at 23:13:05
INFO:root:Done with initiation
INFO:root:Start Inital Solution Plot
INFO:root:Done with  Inital Solution Plot
INFO:root:Start with Stage 1
INFO:root:Start deep copy
INFO:root:Done with deep copy
INFO:root:Start Moves
INFO:root:Start with Stage 1
INFO:root:Start deep copy
INFO:root:Done with deep copy
INFO:root:Start Moves
INFO:root:Starting initiation
INFO:root:Starting initiation at 23:16:02
INFO:root:Done with initiation
INFO:root:Start Inital Solution Plot
INFO:root:Done with  Inital Solution Plot
INFO:root:Start with Stage 1
INFO:root:Start deep copy
INFO:root:Done with deep copy
INFO:root:Start Moves
INFO:root:Start with Stage 1
INFO:root:Start deep copy
INFO:root:Done with deep copy
INFO:root:Start Moves
INFO:root:Start with Stage 1
INFO:root:Start deep copy
INFO:root:Done with deep copy
INFO:root:Start Moves
INFO:root:Start with Stage 1
INFO:root:Start deep copy
INFO:root:Done with deep copy
INFO:root:Start Moves
INFO:root:Start with Stage 1
INFO:root:Start deep copy
INFO:root:Done with deep copy
INFO:root:Start Moves
INFO:root:Start with Stage 1
INFO:root:Start deep copy
INFO:root:Done with deep copy
INFO:root:Start Moves
INFO:root:Start with Stage 1
INFO:root:Start deep copy
INFO:root:Done with deep copy
INFO:root:Start Moves
INFO:root:Start with Stage 1
INFO:root:Start deep copy
INFO:root:Done with deep copy
INFO:root:Start Moves
INFO:root:Starting initiation
INFO:root:Starting initiation at 23:20:40
INFO:root:Done with initiation
INFO:root:Start Inital Solution Plot
INFO:root:Done with  Inital Solution Plot
INFO:root:Start with Stage 1
INFO:root:Start deep copy
INFO:root:Done with deep copy
INFO:root:Start Moves
INFO:root:Starting initiation
INFO:root:Starting initiation at 23:21:40
INFO:root:Done with initiation
INFO:root:Start Inital Solution Plot
INFO:root:Done with  Inital Solution Plot
INFO:root:Start with Stage 1
INFO:root:Start deep copy
INFO:root:Done with deep copy
INFO:root:Start Moves
INFO:root:Starting initiation
INFO:root:Starting initiation at 23:22:04
INFO:root:Done with initiation
INFO:root:Start Inital Solution Plot
INFO:root:Done with  Inital Solution Plot
INFO:root:Start with Stage 1
INFO:root:Start deep copy
INFO:root:Done with deep copy
INFO:root:Start Moves
INFO:root:Final: Iterations: 1277 - Moves: 22
INFO:root:Done with Moves
INFO:root:Starting initiation
INFO:root:Starting initiation at 23:26:07
INFO:root:Done with initiation
INFO:root:Start Inital Solution Plot
INFO:root:Done with  Inital Solution Plot
INFO:root:Start with Stage 1
INFO:root:Start deep copy
INFO:root:Done with deep copy
INFO:root:Start Moves
INFO:root:Starting initiation
INFO:root:Starting initiation at 23:26:38
INFO:root:Done with initiation
INFO:root:Start Inital Solution Plot
INFO:root:Done with  Inital Solution Plot
INFO:root:Start with Stage 1
INFO:root:Start deep copy
INFO:root:Done with deep copy
INFO:root:Start Moves
INFO:root:Starting initiation
INFO:root:Starting initiation at 23:27:45
INFO:root:Done with initiation
INFO:root:Start Inital Solution Plot
INFO:root:Done with  Inital Solution Plot
INFO:root:Start with Stage 1
INFO:root:Start deep copy
INFO:root:Done with deep copy
INFO:root:Start Moves
INFO:root:Final: Iterations: 1285 - Moves: 22
INFO:root:Done with Moves
INFO:root:Starting initiation
INFO:root:Starting initiation at 23:32:05
INFO:root:Done with initiation
INFO:root:Start Inital Solution Plot
INFO:root:Done with  Inital Solution Plot
INFO:root:Start with Stage 1
INFO:root:Start deep copy
INFO:root:Done with deep copy
INFO:root:Start Moves
INFO:root:Starting initiation
INFO:root:Starting initiation at 23:35:41
INFO:root:Done with initiation
INFO:root:Start Inital Solution Plot
INFO:root:Done with  Inital Solution Plot
INFO:root:Start with Stage 1
INFO:root:Start deep copy
INFO:root:Done with deep copy
INFO:root:Start Moves
INFO:root:Final: Iterations: 1 - Moves: 2
INFO:root:Done with Moves
INFO:root:Starting initiation
INFO:root:Starting initiation at 23:37:17
INFO:root:Done with initiation
INFO:root:Start Inital Solution Plot
INFO:root:Done with  Inital Solution Plot
INFO:root:Start with Stage 1
INFO:root:Start deep copy
INFO:root:Done with deep copy
INFO:root:Start Moves
INFO:root:Final: Iterations: 1 - Moves: 2
INFO:root:Done with Moves
INFO:root:Starting initiation
INFO:root:Starting initiation at 23:38:02
INFO:root:Done with initiation
INFO:root:Start Inital Solution Plot
INFO:root:Done with  Inital Solution Plot
INFO:root:Start with Stage 1
INFO:root:Start deep copy
INFO:root:Done with deep copy
INFO:root:Start Moves
INFO:root:Starting initiation
INFO:root:Starting initiation at 23:39:09
INFO:root:Done with initiation
INFO:root:Start Inital Solution Plot
INFO:root:Done with  Inital Solution Plot
INFO:root:Start with Stage 1
INFO:root:Start deep copy
INFO:root:Done with deep copy
INFO:root:Start Moves
ERROR:root:Internal Python error in the inspect module.
Below is the traceback from this internal error.

INFO:root:
Unfortunately, your original traceback can not be constructed.

INFO:root:Starting initiation
INFO:root:Starting initiation at 23:39:20
INFO:root:Done with initiation
INFO:root:Start Inital Solution Plot
INFO:root:Done with  Inital Solution Plot
INFO:root:Start with Stage 1
INFO:root:Start deep copy
INFO:root:Done with deep copy
INFO:root:Start Moves
INFO:root:Starting initiation
INFO:root:Starting initiation at 23:45:46
INFO:root:Done with initiation
INFO:root:Start Inital Solution Plot
INFO:root:Done with  Inital Solution Plot
INFO:root:Start with Stage 1
INFO:root:Start deep copy
INFO:root:Done with deep copy
INFO:root:Start Moves
INFO:root:Final: Iterations: 1279 - Moves: 22
INFO:root:Done with Moves
INFO:root:Starting initiation
INFO:root:Starting initiation at 00:04:24
INFO:root:Done with initiation
INFO:root:Start Inital Solution Plot
INFO:root:Done with  Inital Solution Plot
INFO:root:Start with Stage 1
INFO:root:Start deep copy
INFO:root:Done with deep copy
INFO:root:Start Moves
INFO:root:Final: Iterations: 22 - Moves: 1288
INFO:root:Done with Moves
INFO:root:Done with Stage 1
INFO:root:Start with Stage 1b
INFO:root:Start with Stage 1b
INFO:root:Start with Stage 1b
INFO:root:Start with Stage 1b
