INFO:root:Starting initiation
INFO:root:Starting initiation at 16:50:44
INFO:root:Done with initiation
INFO:root:Start Inital Solution Plot
INFO:root:Done with  Inital Solution Plot
INFO:root:Start with Stage 1a
INFO:root:Start Moves
INFO:root:Starting initiation
INFO:root:Starting initiation at 16:51:56
INFO:root:Done with initiation
INFO:root:Start Inital Solution Plot
INFO:root:Done with  Inital Solution Plot
INFO:root:Start with Stage 1a
INFO:root:Start Moves
INFO:root:Starting initiation
INFO:root:Starting initiation at 16:52:48
INFO:root:Done with initiation
INFO:root:Start Inital Solution Plot
INFO:root:Done with  Inital Solution Plot
INFO:root:Start with Stage 1a
INFO:root:Start Moves
INFO:root:Starting initiation
INFO:root:Starting initiation at 16:53:29
INFO:root:Done with initiation
INFO:root:Start Inital Solution Plot
INFO:root:Done with  Inital Solution Plot
INFO:root:Start with Stage 1a
INFO:root:Start Moves
INFO:root:Final: Loop: 1347 - Moves: 1347
INFO:root:Done with Moves
INFO:root:Starting initiation
INFO:root:Starting initiation at 16:57:14
INFO:root:Done with initiation
INFO:root:Start Inital Solution Plot
INFO:root:Done with  Inital Solution Plot
INFO:root:Start with Stage 1a
INFO:root:Start Moves
INFO:root:Final: Loop: 1360 - Moves: 1360
INFO:root:Done with Moves
INFO:root:Starting initiation
INFO:root:Starting initiation at 17:02:00
INFO:root:Done with initiation
INFO:root:Start Inital Solution Plot
INFO:root:Done with  Inital Solution Plot
INFO:root:Start with Stage 1a
INFO:root:Start Moves
INFO:root:Final: Loop: 1347 - Moves: 1347
INFO:root:Done with Moves
INFO:root:Done with Stage 1a
INFO:root:Start with Stage 1b
INFO:root:Start Moves
INFO:root:Final: Loop: 1347 - Moves: 1347
INFO:root:Done with Moves
INFO:root:Done with Stage 1b
INFO:root:Start Moves
INFO:root:Final: Loop: 1347 - Moves: 1347
INFO:root:Done with Moves
INFO:root:Done with Stage 1b
INFO:root:Start Moves
INFO:root:Final: Loop: 1347 - Moves: 1347
INFO:root:Done with Moves
INFO:root:Done with Stage 1b
INFO:root:Start Moves
INFO:root:Starting initiation
INFO:root:Starting initiation at 17:15:39
INFO:root:Done with initiation
INFO:root:Start Inital Solution Plot
INFO:root:Done with  Inital Solution Plot
INFO:root:Start with Stage 1a
INFO:root:Start Moves
INFO:root:Final: Loop: 1352 - Moves: 1352
INFO:root:Done with Moves
INFO:root:Done with Stage 1a
INFO:root:Start with Stage 1b
INFO:root:Start Moves
INFO:root:Final: Loop: 1567 - Moves: 1567
INFO:root:Done with Moves
INFO:root:Done with Stage 1b
INFO:root:Starting initiation
INFO:root:Starting initiation at 17:26:20
INFO:root:Done with initiation
INFO:root:Start Inital Solution Plot
INFO:root:Done with  Inital Solution Plot
INFO:root:Start with Stage 1a
INFO:root:Start Moves
INFO:root:Final: Loop: 1364 - Moves: 1364
INFO:root:Done with Moves
INFO:root:Done with Stage 1a
INFO:root:Start with Stage 1b
INFO:root:Start Moves
INFO:root:Final: Loop: 1569 - Moves: 1569
INFO:root:Done with Moves
INFO:root:Done with Stage 1b
INFO:root:Starting initiation
INFO:root:Starting initiation at 22:45:33
INFO:root:Done with initiation
INFO:root:Start Inital Solution Plot
INFO:root:Done with  Inital Solution Plot
INFO:root:Start with Stage 1a
INFO:root:Start Moves
INFO:root:Final: Loop: 1362 - Moves: 1362
INFO:root:Done with Moves
INFO:root:Done with Stage 1a
INFO:root:Start with Stage 1b
INFO:root:Start Moves
INFO:root:Final: Loop: 1567 - Moves: 1567
INFO:root:Done with Moves
INFO:root:Done with Stage 1b
