INFO:root:Starting initiation
INFO:root:Starting initiation at 17:42:46
INFO:root:Done with initiation
INFO:root:Start Inital Solution Plot
INFO:root:Done with  Inital Solution Plot
INFO:root:Start with Stage 1a
INFO:root:Start Moves
INFO:root:Final: Loop: 1346 - Moves: 1346
INFO:root:Done with Moves
INFO:root:Done with Stage 1a
INFO:root:Start with Stage 1b
INFO:root:Start Moves
INFO:root:Final: Loop: 1567 - Moves: 1567
INFO:root:Done with Moves
INFO:root:Done with Stage 1b
INFO:root:Start with Stage 2
INFO:root:Start Random Moves with heuristics
INFO:root:Start with Stage 2
INFO:root:Start Random Moves with heuristics
INFO:root:logging at 1
INFO:root:logging at 501
INFO:root:logging at 1001
INFO:root:logging at 1501
INFO:root:logging at 2001
INFO:root:logging at 2501
INFO:root:logging at 3001
INFO:root:logging at 3501
INFO:root:logging at 4001
INFO:root:logging at 4501
INFO:root:trycount exit
INFO:root:Trycount Exit for dropoff
INFO:root:logging at 5001
INFO:root:logging at 5501
INFO:root:logging at 6001
INFO:root:logging at 6501
INFO:root:logging at 7001
INFO:root:logging at 7501
INFO:root:logging at 8001
INFO:root:logging at 8501
INFO:root:logging at 9001
INFO:root:trycount exit
INFO:root:Trycount Exit for pickup
INFO:root:Starting initiation
INFO:root:Starting initiation at 18:21:01
INFO:root:Done with initiation
INFO:root:Start Inital Solution Plot
INFO:root:Done with  Inital Solution Plot
INFO:root:Start with Stage 1a
INFO:root:Start Moves
INFO:root:logging at 9501
INFO:root:Loopcount exit
INFO:root:Final: Loop: 10000 - Moves: 6235
INFO:root:Done with Moves
INFO:root:Done with Stage 1a
INFO:root:Final: Loop: 1353 - Moves: 1353
INFO:root:Done with Moves
INFO:root:Done with Stage 1a
INFO:root:Start with Stage 1b
INFO:root:Start Moves
INFO:root:Final: Loop: 1569 - Moves: 1569
INFO:root:Done with Moves
INFO:root:Done with Stage 1b
INFO:root:Start with Stage 2
INFO:root:Start Random Moves with heuristics
INFO:root:logging at 1
INFO:root:logging at 501
INFO:root:logging at 1001
INFO:root:logging at 1501
INFO:root:logging at 2001
INFO:root:logging at 2501
INFO:root:logging at 3001
INFO:root:logging at 3501
INFO:root:logging at 4001
INFO:root:logging at 4501
INFO:root:logging at 5001
INFO:root:logging at 5501
INFO:root:logging at 6001
INFO:root:trycount exit
INFO:root:Trycount Exit for dropoff
INFO:root:logging at 6501
INFO:root:logging at 7001
INFO:root:logging at 7501
INFO:root:logging at 8001
INFO:root:logging at 8501
INFO:root:logging at 9001
INFO:root:logging at 9501
INFO:root:Loopcount exit
INFO:root:Final: Loop: 10000 - Moves: 7134
INFO:root:Done with Moves
INFO:root:Done with Stage 1a
INFO:root:Starting initiation
INFO:root:Starting initiation at 19:48:27
INFO:root:Done with initiation
INFO:root:Start Inital Solution Plot
INFO:root:Done with  Inital Solution Plot
INFO:root:Start with Stage 1a
INFO:root:Start Moves
INFO:root:Starting initiation
INFO:root:Starting initiation at 22:59:38
INFO:root:Done with initiation
INFO:root:Start Inital Solution Plot
INFO:root:Done with  Inital Solution Plot
INFO:root:Start with Stage 1a
INFO:root:Start Moves
INFO:root:Final: Loop: 1353 - Moves: 1353
INFO:root:Done with Moves
INFO:root:Done with Stage 1a
INFO:root:Start with Stage 1b
INFO:root:Start Moves
INFO:root:Final: Loop: 1568 - Moves: 1568
INFO:root:Done with Moves
INFO:root:Done with Stage 1b
INFO:root:Start with Stage 2
INFO:root:Start Random Moves with cluster heuristics
INFO:root:trycount exit for pickup
INFO:root:Trycount Exit for pickup
INFO:root:logging at 1
INFO:root:trycount exit for dropoff
INFO:root:Trycount Exit for dropoff
INFO:root:trycount exit
INFO:root:Trycount Exit for pair
INFO:root:No more movetypes
INFO:root:Final: Loop: 4 - Moves: 0
INFO:root:Done with Moves
INFO:root:Done with Stage 1a
INFO:root:Starting initiation
INFO:root:Starting initiation at 23:52:20
INFO:root:Done with initiation
INFO:root:Start Inital Solution Plot
INFO:root:Done with  Inital Solution Plot
INFO:root:Start with Stage 1a
INFO:root:Start Moves
INFO:root:Final: Loop: 1360 - Moves: 1360
INFO:root:Done with Moves
INFO:root:Done with Stage 1a
INFO:root:Start with Stage 1b
INFO:root:Start Moves
INFO:root:Final: Loop: 1569 - Moves: 1569
INFO:root:Done with Moves
INFO:root:Done with Stage 1b
INFO:root:Start with Stage 2
INFO:root:Start Random Moves with heuristics
INFO:root:logging at 1
INFO:root:logging at 501
INFO:root:logging at 1001
INFO:root:logging at 1501
INFO:root:logging at 2001
INFO:root:logging at 2501
INFO:root:logging at 3001
INFO:root:logging at 3501
INFO:root:logging at 4001
INFO:root:logging at 4501
INFO:root:trycount exit
INFO:root:Trycount Exit for dropoff
INFO:root:logging at 5001
INFO:root:logging at 5501
INFO:root:logging at 6001
INFO:root:logging at 6501
INFO:root:logging at 7001
INFO:root:logging at 7501
INFO:root:logging at 8001
INFO:root:logging at 8501
INFO:root:logging at 9001
INFO:root:logging at 9501
INFO:root:Loopcount exit
INFO:root:Final: Loop: 10000 - Moves: 6632
INFO:root:Done with Moves
INFO:root:Done with Stage 1a
INFO:root:Starting initiation
INFO:root:Starting initiation at 00:35:52
INFO:root:Done with initiation
INFO:root:Start Inital Solution Plot
INFO:root:Done with  Inital Solution Plot
INFO:root:Start with Stage 1a
INFO:root:Start Moves
INFO:root:Final: Loop: 1361 - Moves: 1361
INFO:root:Done with Moves
INFO:root:Done with Stage 1a
INFO:root:Start with Stage 1b
INFO:root:Start Moves
INFO:root:Final: Loop: 1569 - Moves: 1569
INFO:root:Done with Moves
INFO:root:Done with Stage 1b
INFO:root:Start with Stage 2
INFO:root:Start Random Moves with heuristics
INFO:root:logging at 1
INFO:root:Starting initiation
INFO:root:Starting initiation at 02:07:00
INFO:root:Done with initiation
INFO:root:Start Inital Solution Plot
INFO:root:Done with  Inital Solution Plot
INFO:root:Start with Stage 1a
INFO:root:Start Moves
INFO:root:Final: Loop: 1359 - Moves: 1359
INFO:root:Done with Moves
INFO:root:Done with Stage 1a
INFO:root:Start with Stage 1b
INFO:root:Start Moves
INFO:root:Final: Loop: 1568 - Moves: 1568
INFO:root:Done with Moves
INFO:root:Done with Stage 1b
INFO:root:Start with Stage 2
INFO:root:Start Random Moves with heuristics
INFO:root:logging at 1
INFO:root:Starting initiation
INFO:root:Starting initiation at 02:29:24
INFO:root:Done with initiation
INFO:root:Start Inital Solution Plot
INFO:root:Done with  Inital Solution Plot
INFO:root:Start with Stage 1a
INFO:root:Start Moves
INFO:root:Final: Loop: 1357 - Moves: 1357
INFO:root:Done with Moves
INFO:root:Done with Stage 1a
INFO:root:Start with Stage 1b
INFO:root:Start Moves
INFO:root:Final: Loop: 1568 - Moves: 1568
INFO:root:Done with Moves
INFO:root:Done with Stage 1b
INFO:root:Start with Stage 2
INFO:root:Start Random Moves with heuristics
INFO:root:logging at 1
INFO:root:logging at 501
INFO:root:logging at 1001
INFO:root:logging at 1501
INFO:root:logging at 2001
INFO:root:logging at 2501
INFO:root:logging at 3001
INFO:root:logging at 3501
INFO:root:logging at 4001
INFO:root:logging at 4501
INFO:root:trycount exit
INFO:root:Trycount Exit for dropoff
INFO:root:logging at 5001
INFO:root:logging at 5501
INFO:root:trycount exit
INFO:root:Trycount Exit for pickup
INFO:root:logging at 6001
INFO:root:logging at 6501
INFO:root:logging at 7001
INFO:root:logging at 7501
INFO:root:logging at 8001
INFO:root:logging at 8501
INFO:root:logging at 9001
INFO:root:logging at 9501
INFO:root:Loopcount exit
INFO:root:Final: Loop: 10000 - Moves: 4819
INFO:root:Done with Moves
INFO:root:Done with Stage 1a
