INFO:root:Starting initiation
INFO:root:Starting initiation at 22:51:51
INFO:root:Done with initiation
INFO:root:Start Inital Solution Plot
INFO:root:Done with  Inital Solution Plot
INFO:root:Start with Stage 1a
INFO:root:Start Random Moves
INFO:root:logging at 1
INFO:root:logging at 1001
INFO:root:logging at 2001
INFO:root:logging at 3001
INFO:root:logging at 4001
INFO:root:logging at 5001
INFO:root:logging at 6001
INFO:root:logging at 7001
INFO:root:logging at 8001
INFO:root:logging at 9001
INFO:root:logging at 10001
INFO:root:logging at 11001
INFO:root:logging at 12001
INFO:root:logging at 13001
INFO:root:logging at 14001
INFO:root:Starting initiation
INFO:root:Starting initiation at 00:18:29
INFO:root:Done with initiation
INFO:root:Start Inital Solution Plot
INFO:root:Done with  Inital Solution Plot
INFO:root:Start with Stage 1a
INFO:root:Start Random Moves
INFO:root:logging at 1
INFO:root:Final: Loop: 100 - Moves: 100
INFO:root:Done with Moves
INFO:root:Done with Stage 1a
INFO:root:Start with Stage 1b
INFO:root:Starting initiation
INFO:root:Starting initiation at 00:21:43
INFO:root:Done with initiation
INFO:root:Start Inital Solution Plot
INFO:root:Done with  Inital Solution Plot
INFO:root:Start with Stage 1a
INFO:root:Start Random Moves
INFO:root:logging at 1
INFO:root:logging at 1001
INFO:root:logging at 2001
INFO:root:logging at 3001
INFO:root:logging at 4001
INFO:root:logging at 5001
INFO:root:logging at 6001
INFO:root:Starting initiation
INFO:root:Starting initiation at 00:57:24
INFO:root:Done with initiation
INFO:root:Start Inital Solution Plot
INFO:root:Done with  Inital Solution Plot
INFO:root:Start with Stage 1a
INFO:root:Start Random Moves
INFO:root:logging at 1
INFO:root:logging at 5001
INFO:root:logging at 10001
INFO:root:logging at 15001
INFO:root:logging at 20001
INFO:root:logging at 25001
INFO:root:logging at 30001
INFO:root:logging at 35001
INFO:root:logging at 40001
INFO:root:logging at 45001
INFO:root:logging at 50001
INFO:root:logging at 55001
INFO:root:logging at 60001
INFO:root:logging at 65001
INFO:root:logging at 70001
INFO:root:logging at 75001
INFO:root:logging at 80001
INFO:root:logging at 85001
