INFO:root:Starting initiation
INFO:root:Starting initiation at 16:36:27
INFO:root:Done with initiation
INFO:root:Start Inital Solution Plot
INFO:root:Done with  Inital Solution Plot
INFO:root:Start with Stage 1a
INFO:root:Start Random Moves with heuristics
INFO:root:logging at 1
INFO:root:Starting initiation
INFO:root:Starting initiation at 16:38:30
INFO:root:Done with initiation
INFO:root:Start Inital Solution Plot
INFO:root:Done with  Inital Solution Plot
INFO:root:Start with Stage 1a
INFO:root:Start Random Moves with heuristics
INFO:root:logging at 1
INFO:root:logging at 501
INFO:root:Starting initiation
INFO:root:Starting initiation at 16:56:11
INFO:root:Done with initiation
INFO:root:Start Inital Solution Plot
INFO:root:Done with  Inital Solution Plot
INFO:root:Start with Stage 1a
INFO:root:Start Random Moves with heuristics
INFO:root:logging at 1
INFO:root:Starting initiation
INFO:root:Starting initiation at 16:59:51
INFO:root:Done with initiation
INFO:root:Start Inital Solution Plot
INFO:root:Done with  Inital Solution Plot
INFO:root:Start with Stage 1a
INFO:root:Start Random Moves with heuristics
INFO:root:logging at 1
INFO:root:logging at 1001
INFO:root:Starting initiation
INFO:root:Starting initiation at 20:55:46
INFO:root:Done with initiation
INFO:root:Start Inital Solution Plot
INFO:root:Done with  Inital Solution Plot
INFO:root:Start with Stage 1a
INFO:root:Start Random Moves with heuristics
INFO:root:logging at 1
INFO:root:logging at 1001
INFO:root:Starting initiation
INFO:root:Starting initiation at 21:12:13
INFO:root:Done with initiation
INFO:root:Start Inital Solution Plot
INFO:root:Done with  Inital Solution Plot
INFO:root:Start with Stage 1a
INFO:root:Start Random Moves with heuristics
INFO:root:logging at 1
INFO:root:logging at 1001
INFO:root:Starting initiation
INFO:root:Starting initiation at 21:20:32
INFO:root:Done with initiation
INFO:root:Start Inital Solution Plot
INFO:root:Done with  Inital Solution Plot
INFO:root:Start with Stage 1a
INFO:root:Start Random Moves with heuristics
INFO:root:logging at 1
INFO:root:logging at 1001
INFO:root:Starting initiation
INFO:root:Starting initiation at 21:51:43
INFO:root:Done with initiation
INFO:root:Start Inital Solution Plot
INFO:root:Done with  Inital Solution Plot
INFO:root:Start with Stage 1a
INFO:root:Start Random Moves with heuristics
INFO:root:logging at 1
INFO:root:logging at 1001
INFO:root:trycount exit
INFO:root:Starting initiation
INFO:root:Starting initiation at 21:58:05
INFO:root:Done with initiation
INFO:root:Start Inital Solution Plot
INFO:root:Done with  Inital Solution Plot
INFO:root:Start with Stage 1a
INFO:root:Start Random Moves with heuristics
INFO:root:logging at 1
INFO:root:logging at 1001
INFO:root:trycount exit
INFO:root:Trycount Exit
INFO:root:trycount exit
INFO:root:Trycount Exit
INFO:root:Starting initiation
INFO:root:Starting initiation at 22:10:31
INFO:root:Done with initiation
INFO:root:Start Inital Solution Plot
