INFO:root:Starting initiation
INFO:root:Starting initiation at 14:18:29
INFO:root:Done with initiation
INFO:root:Start Inital Solution Plot
INFO:root:Done with  Inital Solution Plot
INFO:root:Start with Stage 1a
INFO:root:Start Random Moves with heuristics
INFO:root:logging at 1
INFO:root:logging at 501
INFO:root:logging at 1001
INFO:root:logging at 1501
INFO:root:logging at 2001
INFO:root:logging at 2501
INFO:root:logging at 3001
INFO:root:logging at 3501
INFO:root:logging at 4001
INFO:root:logging at 4501
INFO:root:Final: Loop: 5000 - Moves: 4777
INFO:root:Done with Moves
INFO:root:Done with Stage 1a
INFO:root:Start with Stage 1a
INFO:root:Start Random Moves with heuristics
INFO:root:logging at 1
INFO:root:logging at 501
INFO:root:logging at 1001
INFO:root:logging at 1501
INFO:root:logging at 2001
INFO:root:logging at 2501
INFO:root:logging at 3001
INFO:root:logging at 3501
INFO:root:logging at 4001
INFO:root:logging at 4501
INFO:root:logging at 5001
