INFO:root:Starting initiation
INFO:root:Starting initiation at 15:59:25
INFO:root:Done with initiation
INFO:root:Start Inital Solution Plot
INFO:root:Done with  Inital Solution Plot
INFO:root:Start with Stage 1a
INFO:root:Start Random Moves with heuristics
INFO:root:Starting initiation
INFO:root:Starting initiation at 16:04:24
INFO:root:Done with initiation
INFO:root:Start Inital Solution Plot
INFO:root:Done with  Inital Solution Plot
INFO:root:Start with Stage 1a
INFO:root:Start Random Moves with heuristics
INFO:root:Starting initiation
INFO:root:Starting initiation at 16:05:21
INFO:root:Done with initiation
INFO:root:Start Inital Solution Plot
INFO:root:Done with  Inital Solution Plot
INFO:root:Start with Stage 1a
INFO:root:Start Random Moves with heuristics
INFO:root:Starting initiation
INFO:root:Starting initiation at 16:08:16
INFO:root:Done with initiation
INFO:root:Start Inital Solution Plot
INFO:root:Done with  Inital Solution Plot
INFO:root:Start with Stage 1a
INFO:root:Start Random Moves with heuristics
INFO:root:logging at 1
INFO:root:Starting initiation
INFO:root:Starting initiation at 16:38:24
INFO:root:Done with initiation
INFO:root:Start Inital Solution Plot
INFO:root:Done with  Inital Solution Plot
INFO:root:Start with Stage 1a
INFO:root:Start Random Moves with heuristics
INFO:root:logging at 1
INFO:root:logging at 501
INFO:root:Starting initiation
INFO:root:Starting initiation at 17:00:23
INFO:root:Done with initiation
INFO:root:Start Inital Solution Plot
INFO:root:Done with  Inital Solution Plot
INFO:root:Start with Stage 1a
INFO:root:Start Random Moves with heuristics
INFO:root:logging at 1
INFO:root:logging at 501
INFO:root:logging at 1001
INFO:root:logging at 1501
